<?xml version="1.0" encoding="UTF-8"?>
<!-- Generated by org.testng.reporters.JUnitXMLReporter -->
<testsuite hostname="HP" ignored="0" name="Default test" tests="5" failures="0" timestamp="2021-11-27T09:13:07 IST" time="0.105" errors="0">
  <testcase name="gg" time="0.016" classname="Demo.Test.Testng_Dataprovider"/>
  <testcase name="gg" time="0.0" classname="Demo.Test.Testng_Dataprovider"/>
  <testcase name="gg" time="0.0" classname="Demo.Test.Testng_Dataprovider"/>
  <testcase name="test2" time="0.0" classname="Demo.Test.Testng_Dataprovider"/>
  <testcase name="test2" time="0.008" classname="Demo.Test.Testng_Dataprovider"/>
</testsuite> <!-- Default test -->
