<?xml version="1.0" encoding="UTF-8"?>
<testng-results skipped="0" failed="0" ignored="0" total="5" passed="5">
  <reporter-output>
  </reporter-output>
  <suite name="Default suite" duration-ms="105" started-at="2021-11-27T09:13:07 IST" finished-at="2021-11-27T09:13:07 IST">
    <groups>
    </groups>
    <test name="Default test" duration-ms="105" started-at="2021-11-27T09:13:07 IST" finished-at="2021-11-27T09:13:07 IST">
      <class name="Demo.Test.Testng_Dataprovider">
        <test-method status="PASS" signature="gg(java.lang.String,java.lang.String)[pri:0, instance:Demo.Test.Testng_Dataprovider@ea1a8d5]" name="gg" duration-ms="16" started-at="2021-11-27T09:13:07 IST" data-provider="test_data" finished-at="2021-11-27T09:13:07 IST">
          <params>
            <param index="0">
              <value>
                <![CDATA[ranjith]]>
              </value>
            </param>
            <param index="1">
              <value>
                <![CDATA[123]]>
              </value>
            </param>
          </params>
          <reporter-output>
          </reporter-output>
        </test-method> <!-- gg -->
        <test-method status="PASS" signature="gg(java.lang.String,java.lang.String)[pri:0, instance:Demo.Test.Testng_Dataprovider@ea1a8d5]" name="gg" duration-ms="0" started-at="2021-11-27T09:13:07 IST" data-provider="test_data" finished-at="2021-11-27T09:13:07 IST">
          <params>
            <param index="0">
              <value>
                <![CDATA[rajesh]]>
              </value>
            </param>
            <param index="1">
              <value>
                <![CDATA[432]]>
              </value>
            </param>
          </params>
          <reporter-output>
          </reporter-output>
        </test-method> <!-- gg -->
        <test-method status="PASS" signature="gg(java.lang.String,java.lang.String)[pri:0, instance:Demo.Test.Testng_Dataprovider@ea1a8d5]" name="gg" duration-ms="0" started-at="2021-11-27T09:13:07 IST" data-provider="test_data" finished-at="2021-11-27T09:13:07 IST">
          <params>
            <param index="0">
              <value>
                <![CDATA[jegadeesh]]>
              </value>
            </param>
            <param index="1">
              <value>
                <![CDATA[567]]>
              </value>
            </param>
          </params>
          <reporter-output>
          </reporter-output>
        </test-method> <!-- gg -->
        <test-method status="PASS" signature="test2(java.lang.String,java.lang.String)[pri:0, instance:Demo.Test.Testng_Dataprovider@ea1a8d5]" name="test2" duration-ms="8" started-at="2021-11-27T09:13:07 IST" data-provider="data" finished-at="2021-11-27T09:13:07 IST">
          <params>
            <param index="0">
              <value>
                <![CDATA[Rajesh]]>
              </value>
            </param>
            <param index="1">
              <value>
                <![CDATA[2345]]>
              </value>
            </param>
          </params>
          <reporter-output>
          </reporter-output>
        </test-method> <!-- test2 -->
        <test-method status="PASS" signature="test2(java.lang.String,java.lang.String)[pri:0, instance:Demo.Test.Testng_Dataprovider@ea1a8d5]" name="test2" duration-ms="0" started-at="2021-11-27T09:13:07 IST" data-provider="data" finished-at="2021-11-27T09:13:07 IST">
          <params>
            <param index="0">
              <value>
                <![CDATA[Ranjith]]>
              </value>
            </param>
            <param index="1">
              <value>
                <![CDATA[1234]]>
              </value>
            </param>
          </params>
          <reporter-output>
          </reporter-output>
        </test-method> <!-- test2 -->
      </class> <!-- Demo.Test.Testng_Dataprovider -->
    </test> <!-- Default test -->
  </suite> <!-- Default suite -->
</testng-results>
